[INFO] Scanning for projects...
[INFO] 
[INFO] -----------------------< com.smarthire:backened >-----------------------
[INFO] Building smarthire-backened 0.0.1-SNAPSHOT
[INFO]   from pom.xml
[INFO] --------------------------------[ jar ]---------------------------------
[INFO] 
[INFO] >>> spring-boot:3.2.1:run (default-cli) > test-compile @ backened >>>
[INFO] 
[INFO] --- resources:3.3.1:resources (default-resources) @ backened ---
[INFO] Copying 1 resource from src/main/resources to target/classes
[INFO] Copying 0 resource from src/main/resources to target/classes
[INFO] 
[INFO] --- compiler:3.11.0:compile (default-compile) @ backened ---
[INFO] Nothing to compile - all classes are up to date
[INFO] 
[INFO] --- resources:3.3.1:testResources (default-testResources) @ backened ---
[INFO] skip non existing resourceDirectory /Applications/Academic work/PROJECT/smarthire-backened/src/test/resources
[INFO] 
[INFO] --- compiler:3.11.0:testCompile (default-testCompile) @ backened ---
[INFO] Nothing to compile - all classes are up to date
[INFO] 
[INFO] <<< spring-boot:3.2.1:run (default-cli) < test-compile @ backened <<<
[INFO] 
[INFO] 
[INFO] --- spring-boot:3.2.1:run (default-cli) @ backened ---
[INFO] Attaching agents: []

  .   ____          _            __ _ _
 /\\ / ___'_ __ _ _(_)_ __  __ _ \ \ \ \
( ( )\___ | '_ | '_| | '_ \/ _` | \ \ \ \
 \\/  ___)| |_)| | | | | || (_| |  ) ) ) )
  '  |____| .__|_| |_|_| |_\__, | / / / /
 =========|_|==============|___/=/_/_/_/
 :: Spring Boot ::                (v3.2.1)

2026-01-11T19:56:02.725+05:30  INFO 8345 --- [smarthire-backened] [           main] c.s.b.SmarthireBackenedApplication       : Starting SmarthireBackenedApplication using Java 17.0.17 with PID 8345 (/Applications/Academic work/PROJECT/smarthire-backened/target/classes started by amantiwari in /Applications/Academic work/PROJECT/smarthire-backened)
2026-01-11T19:56:02.728+05:30  INFO 8345 --- [smarthire-backened] [           main] c.s.b.SmarthireBackenedApplication       : No active profile set, falling back to 1 default profile: "default"
2026-01-11T19:56:03.266+05:30  INFO 8345 --- [smarthire-backened] [           main] .s.d.r.c.RepositoryConfigurationDelegate : Bootstrapping Spring Data JPA repositories in DEFAULT mode.
2026-01-11T19:56:03.317+05:30  INFO 8345 --- [smarthire-backened] [           main] .s.d.r.c.RepositoryConfigurationDelegate : Finished Spring Data repository scanning in 42 ms. Found 1 JPA repository interface.
2026-01-11T19:56:03.732+05:30  INFO 8345 --- [smarthire-backened] [           main] o.s.b.w.embedded.tomcat.TomcatWebServer  : Tomcat initialized with port 8080 (http)
2026-01-11T19:56:03.743+05:30  INFO 8345 --- [smarthire-backened] [           main] o.apache.catalina.core.StandardService   : Starting service [Tomcat]
2026-01-11T19:56:03.743+05:30  INFO 8345 --- [smarthire-backened] [           main] o.apache.catalina.core.StandardEngine    : Starting Servlet engine: [Apache Tomcat/10.1.17]
2026-01-11T19:56:03.788+05:30  INFO 8345 --- [smarthire-backened] [           main] o.a.c.c.C.[Tomcat].[localhost].[/]       : Initializing Spring embedded WebApplicationContext
2026-01-11T19:56:03.789+05:30  INFO 8345 --- [smarthire-backened] [           main] w.s.c.ServletWebServerApplicationContext : Root WebApplicationContext: initialization completed in 1017 ms
2026-01-11T19:56:03.904+05:30  INFO 8345 --- [smarthire-backened] [           main] o.hibernate.jpa.internal.util.LogHelper  : HHH000204: Processing PersistenceUnitInfo [name: default]
2026-01-11T19:56:03.960+05:30  INFO 8345 --- [smarthire-backened] [           main] org.hibernate.Version                    : HHH000412: Hibernate ORM core version 6.4.1.Final
2026-01-11T19:56:03.982+05:30  INFO 8345 --- [smarthire-backened] [           main] o.h.c.internal.RegionFactoryInitiator    : HHH000026: Second-level cache disabled
2026-01-11T19:56:04.141+05:30  INFO 8345 --- [smarthire-backened] [           main] o.s.o.j.p.SpringPersistenceUnitInfo      : No LoadTimeWeaver setup: ignoring JPA class transformer
2026-01-11T19:56:04.159+05:30  INFO 8345 --- [smarthire-backened] [           main] com.zaxxer.hikari.HikariDataSource       : HikariPool-1 - Starting...
2026-01-11T19:56:04.241+05:30  INFO 8345 --- [smarthire-backened] [           main] com.zaxxer.hikari.pool.HikariPool        : HikariPool-1 - Added connection org.postgresql.jdbc.PgConnection@3f6cce7f
2026-01-11T19:56:04.241+05:30  INFO 8345 --- [smarthire-backened] [           main] com.zaxxer.hikari.HikariDataSource       : HikariPool-1 - Start completed.
2026-01-11T19:56:05.118+05:30  INFO 8345 --- [smarthire-backened] [           main] o.h.e.t.j.p.i.JtaPlatformInitiator       : HHH000489: No JTA platform available (set 'hibernate.transaction.jta.platform' to enable JTA platform integration)
Hibernate: create table job_roles (id bigserial not null, description varchar(255), title varchar(255), primary key (id))
2026-01-11T19:56:05.501+05:30  INFO 8345 --- [smarthire-backened] [           main] j.LocalContainerEntityManagerFactoryBean : Initialized JPA EntityManagerFactory for persistence unit 'default'
2026-01-11T19:56:05.694+05:30  WARN 8345 --- [smarthire-backened] [           main] JpaBaseConfiguration$JpaWebConfiguration : spring.jpa.open-in-view is enabled by default. Therefore, database queries may be performed during view rendering. Explicitly configure spring.jpa.open-in-view to disable this warning
2026-01-11T19:56:05.934+05:30  INFO 8345 --- [smarthire-backened] [           main] o.s.b.w.embedded.tomcat.TomcatWebServer  : Tomcat started on port 8080 (http) with context path ''
2026-01-11T19:56:05.943+05:30  INFO 8345 --- [smarthire-backened] [           main] c.s.b.SmarthireBackenedApplication       : Started SmarthireBackenedApplication in 3.608 seconds (process running for 3.916)
2026-01-11T20:01:40.252+05:30  INFO 8345 --- [smarthire-backened] [nio-8080-exec-1] o.a.c.c.C.[Tomcat].[localhost].[/]       : Initializing Spring DispatcherServlet 'dispatcherServlet'
2026-01-11T20:01:40.253+05:30  INFO 8345 --- [smarthire-backened] [nio-8080-exec-1] o.s.web.servlet.DispatcherServlet        : Initializing Servlet 'dispatcherServlet'
2026-01-11T20:01:40.257+05:30  INFO 8345 --- [smarthire-backened] [nio-8080-exec-1] o.s.web.servlet.DispatcherServlet        : Completed initialization in 3 ms
2026-01-11T20:04:44.028+05:30  INFO 8345 --- [smarthire-backened] [ionShutdownHook] j.LocalContainerEntityManagerFactoryBean : Closing JPA EntityManagerFactory for persistence unit 'default'
2026-01-11T20:04:44.088+05:30  INFO 8345 --- [smarthire-backened] [ionShutdownHook] com.zaxxer.hikari.HikariDataSource       : HikariPool-1 - Shutdown initiated...
2026-01-11T20:04:44.094+05:30  INFO 8345 --- [smarthire-backened] [ionShutdownHook] com.zaxxer.hikari.HikariDataSource       : HikariPool-1 - Shutdown completed.
